2020-03-27 19:16:04,629 INFO o.a.j.u.JMeterUtils: Setting Locale to en_EN
2020-03-27 19:16:04,646 INFO o.a.j.JMeter: Loading user properties from: /home/julian/apache-jmeter-5.2.1/bin/user.properties
2020-03-27 19:16:04,646 INFO o.a.j.JMeter: Loading system properties from: /home/julian/apache-jmeter-5.2.1/bin/system.properties
2020-03-27 19:16:04,648 INFO o.a.j.JMeter: Copyright (c) 1998-2019 The Apache Software Foundation
2020-03-27 19:16:04,649 INFO o.a.j.JMeter: Version 5.2.1
2020-03-27 19:16:04,649 INFO o.a.j.JMeter: java.version=1.8.0_211
2020-03-27 19:16:04,649 INFO o.a.j.JMeter: java.vm.name=Java HotSpot(TM) 64-Bit Server VM
2020-03-27 19:16:04,649 INFO o.a.j.JMeter: os.name=Linux
2020-03-27 19:16:04,649 INFO o.a.j.JMeter: os.arch=amd64
2020-03-27 19:16:04,649 INFO o.a.j.JMeter: os.version=4.19.0-8-amd64
2020-03-27 19:16:04,649 INFO o.a.j.JMeter: file.encoding=UTF-8
2020-03-27 19:16:04,649 INFO o.a.j.JMeter: java.awt.headless=null
2020-03-27 19:16:04,649 INFO o.a.j.JMeter: Max memory     =1073741824
2020-03-27 19:16:04,650 INFO o.a.j.JMeter: Available Processors =4
2020-03-27 19:16:04,655 INFO o.a.j.JMeter: Default Locale=English (EN)
2020-03-27 19:16:04,655 INFO o.a.j.JMeter: JMeter  Locale=English (EN)
2020-03-27 19:16:04,655 INFO o.a.j.JMeter: JMeterHome=/home/julian/apache-jmeter-5.2.1
2020-03-27 19:16:04,655 INFO o.a.j.JMeter: user.dir  =/home/julian/Holon/MinisterioDeEducacion/jmeter/executions
2020-03-27 19:16:04,655 INFO o.a.j.JMeter: PWD       =/home/julian/Holon/MinisterioDeEducacion/jmeter/executions
2020-03-27 19:16:04,656 INFO o.a.j.JMeter: IP: 127.0.1.1 Name: julian FullName: julian
2020-03-27 19:16:04,828 INFO o.a.j.g.a.LookAndFeelCommand: Installing Darcula LAF
2020-03-27 19:16:04,890 INFO o.a.j.g.a.LookAndFeelCommand: Using look and feel: com.bulenkov.darcula.DarculaLaf [Darcula]
2020-03-27 19:16:04,890 INFO o.a.j.JMeter: Setting LAF to: com.bulenkov.darcula.DarculaLaf
2020-03-27 19:16:04,980 INFO o.a.j.JMeter: Loaded icon properties from org/apache/jmeter/images/icon.properties
2020-03-27 19:16:05,921 INFO o.j.r.JARSourceHTTP: Found cached repo
2020-03-27 19:16:06,196 INFO o.j.r.PluginManager: Plugins Status: [jpgc-plugins-manager=1.3, jpgc-webdriver=3.1, jmeter-core=5.2.1, jmeter-ftp=5.2.1, jmeter-http=5.2.1, jmeter-jdbc=5.2.1, jmeter-jms=5.2.1, jmeter-junit=5.2.1, jmeter-java=5.2.1, jmeter-ldap=5.2.1, jmeter-mail=5.2.1, jmeter-mongodb=5.2.1, jmeter-native=5.2.1, jmeter-tcp=5.2.1, jmeter-components=5.2.1]
2020-03-27 19:16:07,841 INFO o.a.j.p.h.s.HTTPSamplerBase: Parser for text/html is org.apache.jmeter.protocol.http.parser.LagartoBasedHtmlParser
2020-03-27 19:16:07,842 INFO o.a.j.p.h.s.HTTPSamplerBase: Parser for application/xhtml+xml is org.apache.jmeter.protocol.http.parser.LagartoBasedHtmlParser
2020-03-27 19:16:07,842 INFO o.a.j.p.h.s.HTTPSamplerBase: Parser for application/xml is org.apache.jmeter.protocol.http.parser.LagartoBasedHtmlParser
2020-03-27 19:16:07,842 INFO o.a.j.p.h.s.HTTPSamplerBase: Parser for text/xml is org.apache.jmeter.protocol.http.parser.LagartoBasedHtmlParser
2020-03-27 19:16:07,842 INFO o.a.j.p.h.s.HTTPSamplerBase: Parser for text/vnd.wap.wml is org.apache.jmeter.protocol.http.parser.RegexpHTMLParser
2020-03-27 19:16:07,842 INFO o.a.j.p.h.s.HTTPSamplerBase: Parser for text/css is org.apache.jmeter.protocol.http.parser.CssParser
2020-03-27 19:16:08,139 INFO o.a.j.e.KeyToolUtils: keytool found at 'keytool'
2020-03-27 19:16:08,141 INFO o.a.j.p.h.p.ProxyControl: HTTP(S) Test Script Recorder SSL Proxy will use keys that support embedded 3rd party resources in file /home/julian/apache-jmeter-5.2.1/bin/proxyserver.jks
2020-03-27 19:16:08,348 INFO o.a.j.s.FileServer: Default base='/home/julian/Holon/MinisterioDeEducacion/jmeter/executions'
2020-03-27 19:16:08,732 INFO o.a.j.s.SampleResult: Note: Sample TimeStamps are START times
2020-03-27 19:16:08,732 INFO o.a.j.s.SampleResult: sampleresult.default.encoding is set to ISO-8859-1
2020-03-27 19:16:08,733 INFO o.a.j.s.SampleResult: sampleresult.useNanoTime=true
2020-03-27 19:16:08,733 INFO o.a.j.s.SampleResult: sampleresult.nanoThreadSleep=5000
2020-03-27 19:16:18,683 INFO o.a.j.g.a.Load: Loading file: /home/julian/Holon/MinisterioDeEducacion/jmeter/executions/ReimpresionDeLaLom.jmx
2020-03-27 19:16:18,695 INFO o.a.j.s.FileServer: Set new base='/home/julian/Holon/MinisterioDeEducacion/jmeter/executions'
2020-03-27 19:16:18,856 INFO o.a.j.s.SaveService: Testplan (JMX) version: 2.2. Testlog (JTL) version: 2.2
2020-03-27 19:16:18,859 INFO o.a.j.s.SaveService: Using SaveService properties file encoding UTF-8
2020-03-27 19:16:18,861 INFO o.a.j.s.SaveService: Using SaveService properties version 5.0
2020-03-27 19:16:18,864 INFO o.a.j.s.SaveService: Loading file: /home/julian/Holon/MinisterioDeEducacion/jmeter/executions/ReimpresionDeLaLom.jmx
2020-03-27 19:16:19,048 INFO o.a.j.p.h.c.CookieManager: Settings: Delete null: true Check: true Allow variable: true Save: false Prefix: COOKIE_
2020-03-27 19:16:19,050 INFO o.a.j.p.h.c.CacheManager: Will only cache the following methods: [GET]
2020-03-27 19:16:19,266 INFO o.a.j.s.FileServer: Set new base='/home/julian/Holon/MinisterioDeEducacion/jmeter/executions'
2020-03-27 19:16:26,164 INFO o.a.j.s.SampleEvent: List of sample_variables: []
